[POST] https://beaconlab.kissterralab.workers.dev/api/auth/admin-login => [200] 
[GET] https://beaconlab.kissterralab.workers.dev/api/me => [200] 
[GET] https://beaconlab.kissterralab.workers.dev/api/plans => [200] 
[GET] https://beaconlab.kissterralab.workers.dev/api/plans/0812e610-9583-4649-85df-e73964cf02f9/parameters => [200] 
[GET] https://beaconlab.kissterralab.workers.dev/api/plans/0812e610-9583-4649-85df-e73964cf02f9/parameters => [200] 
[GET] https://beaconlab.kissterralab.workers.dev/api/plans => [200] 
[GET] https://beaconlab.kissterralab.workers.dev/api/analytics/state-segment-performance/filters?qbc=1&startDate=2026-02-03&endDate=2026-02-26 => [200] 
[GET] https://beaconlab.kissterralab.workers.dev/api/analytics/price-exploration/filters?qbc=1&startDate=2026-02-03&endDate=2026-02-26 => [200] 
[GET] https://beaconlab.kissterralab.workers.dev/api/analytics/price-exploration/filters?qbc=1&startDate=2026-02-03&endDate=2026-02-26 => [200] 
[GET] https://beaconlab.kissterralab.workers.dev/api/analytics/strategy-analysis?qbc=1&planId=0812e610-9583-4649-85df-e73964cf02f9&startDate=2026-02-03&endDate=2026-02-26 => [200] 
[GET] https://beaconlab.kissterralab.workers.dev/api/analytics/state-analysis?qbc=1&planId=0812e610-9583-4649-85df-e73964cf02f9&startDate=2026-02-03&endDate=2026-02-26 => [200] 
[GET] https://beaconlab.kissterralab.workers.dev/api/analytics/state-analysis?qbc=1&planId=0812e610-9583-4649-85df-e73964cf02f9&startDate=2026-02-03&endDate=2026-02-26 => [200] 
[GET] https://beaconlab.kissterralab.workers.dev/api/change-log?limit=200 => [200] 
[GET] https://cdn.jsdelivr.net/npm/us-atlas@3/states-10m.json => [200] 
[GET] https://beaconlab.kissterralab.workers.dev/api/analytics/state-segment-performance?qbc=1&startDate=2026-02-03&endDate=2026-02-26 => [200] 
[POST] https://beaconlab.kissterralab.workers.dev/api/plans => [201] 
[PUT] https://beaconlab.kissterralab.workers.dev/api/plans/3b9a16ed-93c1-4c08-94ac-4f21625971f8/parameters => [200] 
[GET] https://beaconlab.kissterralab.workers.dev/api/plans/3b9a16ed-93c1-4c08-94ac-4f21625971f8/parameters => [200] 
[GET] https://beaconlab.kissterralab.workers.dev/api/plans => [200] 
[GET] https://beaconlab.kissterralab.workers.dev/api/plans/3b9a16ed-93c1-4c08-94ac-4f21625971f8/parameters => [200] 
[GET] https://beaconlab.kissterralab.workers.dev/api/analytics/state-segment-performance/filters?qbc=1&startDate=2026-02-01&endDate=2026-02-28 => [200] 
[GET] https://beaconlab.kissterralab.workers.dev/api/analytics/price-exploration/filters?qbc=1&startDate=2026-01-01&endDate=2026-01-31 => [200] 
[GET] https://beaconlab.kissterralab.workers.dev/api/analytics/price-exploration/filters?qbc=1&startDate=2026-01-01&endDate=2026-01-31 => [200] 
[DELETE] https://beaconlab.kissterralab.workers.dev/api/plans/3b9a16ed-93c1-4c08-94ac-4f21625971f8 => [200] 
[GET] https://beaconlab.kissterralab.workers.dev/api/plans => [200] 
[GET] https://beaconlab.kissterralab.workers.dev/api/me => [200] 
[GET] https://beaconlab.kissterralab.workers.dev/api/me => [200] 
[GET] https://beaconlab.kissterralab.workers.dev/api/plans => [200] 
[POST] https://beaconlab.kissterralab.workers.dev/api/plans => [201] 
[GET] https://beaconlab.kissterralab.workers.dev/api/plans/0812e610-9583-4649-85df-e73964cf02f9/parameters => [200] 
[GET] https://beaconlab.kissterralab.workers.dev/api/plans/0812e610-9583-4649-85df-e73964cf02f9/parameters => [200] 
[PUT] https://beaconlab.kissterralab.workers.dev/api/plans/b517e9c3-790c-4986-9ea6-d8531ae486c4/parameters => [200] 
[GET] https://beaconlab.kissterralab.workers.dev/api/plans => [200] 
[GET] https://beaconlab.kissterralab.workers.dev/api/analytics/state-segment-performance/filters?qbc=1&startDate=2026-02-03&endDate=2026-02-26 => [200] 
[GET] https://beaconlab.kissterralab.workers.dev/api/analytics/price-exploration/filters?qbc=1&startDate=2026-02-03&endDate=2026-02-26 => [200] 
[GET] https://beaconlab.kissterralab.workers.dev/api/analytics/price-exploration/filters?qbc=1&startDate=2026-02-03&endDate=2026-02-26 => [200] 
[GET] https://beaconlab.kissterralab.workers.dev/api/analytics/strategy-analysis?qbc=1&planId=0812e610-9583-4649-85df-e73964cf02f9&startDate=2026-02-03&endDate=2026-02-26 => [200] 
[GET] https://beaconlab.kissterralab.workers.dev/api/analytics/state-analysis?qbc=1&planId=0812e610-9583-4649-85df-e73964cf02f9&startDate=2026-02-03&endDate=2026-02-26 => [200] 
[GET] https://beaconlab.kissterralab.workers.dev/api/analytics/state-analysis?qbc=1&planId=0812e610-9583-4649-85df-e73964cf02f9&startDate=2026-02-03&endDate=2026-02-26 => [200] 
[GET] https://beaconlab.kissterralab.workers.dev/api/change-log?limit=200 => [200] 
[GET] https://beaconlab.kissterralab.workers.dev/api/analytics/state-segment-performance?qbc=1&startDate=2026-02-03&endDate=2026-02-26 => [200] 
[GET] https://cdn.jsdelivr.net/npm/us-atlas@3/states-10m.json => [200] 
[DELETE] https://beaconlab.kissterralab.workers.dev/api/plans/b517e9c3-790c-4986-9ea6-d8531ae486c4 => [200] 
[GET] https://beaconlab.kissterralab.workers.dev/api/plans/b517e9c3-790c-4986-9ea6-d8531ae486c4/parameters => [200] 
[GET] https://beaconlab.kissterralab.workers.dev/api/plans => [200] 
[GET] https://beaconlab.kissterralab.workers.dev/api/plans/b517e9c3-790c-4986-9ea6-d8531ae486c4/parameters => [200] 
[GET] https://beaconlab.kissterralab.workers.dev/api/analytics/state-segment-performance/filters?qbc=1&startDate=2026-02-03&endDate=2026-02-26 => [200] 
[GET] https://beaconlab.kissterralab.workers.dev/api/analytics/price-exploration/filters?qbc=1&startDate=2026-02-03&endDate=2026-02-26 => [200] 
[GET] https://beaconlab.kissterralab.workers.dev/api/analytics/price-exploration/filters?qbc=1&startDate=2026-02-03&endDate=2026-02-26 => [200] 
[GET] https://beaconlab.kissterralab.workers.dev/api/plans => [200] 