[POST] https://planning-app-api-dev-758008223769.us-central1.run.app/api/auth/admin-login => [200] 
[GET] https://planning-app-api-dev-758008223769.us-central1.run.app/api/me => [200] 
[GET] https://planning-app-api-dev-758008223769.us-central1.run.app/api/plans => [200] 
[GET] https://planning-app-api-dev-758008223769.us-central1.run.app/api/plans/f15b411d-f266-4423-913f-07ecbbef7873/parameters => [200] 
[GET] https://planning-app-api-dev-758008223769.us-central1.run.app/api/plans/f15b411d-f266-4423-913f-07ecbbef7873/parameters => [200] 
[GET] https://planning-app-api-dev-758008223769.us-central1.run.app/api/plans => [200] 
[GET] https://planning-app-api-dev-758008223769.us-central1.run.app/api/analytics/state-segment-performance/filters?qbc=325&startDate=2026-02-05&endDate=2026-03-26 => [200] 
[GET] https://planning-app-api-dev-758008223769.us-central1.run.app/api/analytics/price-exploration/filters?qbc=325&startDate=2026-02-01&endDate=2026-02-09 => [200] 
[GET] https://planning-app-api-dev-758008223769.us-central1.run.app/api/analytics/price-exploration/filters?qbc=325&startDate=2026-02-01&endDate=2026-02-09 => [200] 
[GET] https://planning-app-api-dev-758008223769.us-central1.run.app/api/analytics/strategy-analysis?qbc=325&planId=f15b411d-f266-4423-913f-07ecbbef7873&startDate=2026-02-05&endDate=2026-03-26 => [503] 
[GET] https://planning-app-api-dev-758008223769.us-central1.run.app/api/analytics/state-analysis?qbc=325&planId=f15b411d-f266-4423-913f-07ecbbef7873&startDate=2026-02-05&endDate=2026-03-26 => [503] 
[GET] https://planning-app-api-dev-758008223769.us-central1.run.app/api/analytics/state-analysis?qbc=325&planId=f15b411d-f266-4423-913f-07ecbbef7873&startDate=2026-02-05&endDate=2026-03-26 => [503] 
[GET] https://planning-app-api-dev-758008223769.us-central1.run.app/api/change-log?limit=200 => [200] 
[GET] https://planning-app-api-dev-758008223769.us-central1.run.app/api/analytics/state-segment-performance?qbc=325&startDate=2026-02-05&endDate=2026-03-26 => [200] 
[GET] https://planning-app-api-dev-758008223769.us-central1.run.app/api/plans/f15b411d-f266-4423-913f-07ecbbef7873/parameters => [200] 
[GET] https://planning-app-api-dev-758008223769.us-central1.run.app/api/analytics/state-segment-performance/filters?qbc=325&startDate=2025-12-05&endDate=2026-02-26 => [200] 
[GET] https://planning-app-api-dev-758008223769.us-central1.run.app/api/plans/f15b411d-f266-4423-913f-07ecbbef7873/parameters => [200] 
[GET] https://planning-app-api-dev-758008223769.us-central1.run.app/api/analytics/price-exploration/filters?qbc=325&startDate=2026-02-01&endDate=2026-02-09 => [503] 
[GET] https://planning-app-api-dev-758008223769.us-central1.run.app/api/analytics/price-exploration?qbc=325&planId=f15b411d-f266-4423-913f-07ecbbef7873&startDate=2026-02-01&endDate=2026-02-09&q2bStartDate=2026-02-05&q2bEndDate=2026-03-26&limit=5000 => [200] 
[GET] https://planning-app-api-dev-758008223769.us-central1.run.app/api/analytics/price-exploration?qbc=325&planId=f15b411d-f266-4423-913f-07ecbbef7873&startDate=2026-02-01&endDate=2026-02-09&channelGroups=100+MCH%2C110+MCH%2C125+MCH%2C140+MCH%2C150+MCH%2C155+MCH%2C165+MCH%2C175+MCH%2C180+MCH%2C20+MCH%2C200+MCH%2C225+MCH%2C25+MCH%2C250+MCH%2C255+MCH%2C275+MCH%2C280+MCH%2C30+MCH%2C305+MCH%2C310+MCH%2C335+MCH%2C35+MCH%2C360+MCH%2C40+MCH%2C50+MCH%2C60+MCH%2C70+MCH%2C80+MCH%2C90+MCH%2CGroup+10+MCH%2CGroup+100+MCH%2CGroup+110+MCH%2CGroup+120+MCH%2CGroup+130+MCH%2CGroup+140+MCH%2CGroup+15+MCH%2CGroup+150+MCH%2CGroup+160+MCH%2CGroup+170+MCH%2CGroup+180+MCH%2CGroup+20+MCH%2CGroup+200+MCH%2CGroup+210+MCH%2CGroup+225+MCH%2CGroup+25+MCH%2CGroup+250+MCH%2CGroup+260+MCH%2CGroup+275+MCH%2CGroup+30+MCH%2CGroup+300+MCH%2CGroup+325+MCH%2CGroup+35+MCH%2CGroup+350+MCH%2CGroup+375+MCH%2CGroup+40+MCH%2CGroup+400+MCH%2CGroup+45+MCH%2CGroup+5+MCH%2CGroup+50+MCH%2CGroup+500+MCH%2CGroup+55+MCH%2CGroup+60+MCH%2CGroup+600+MCH%2CGroup+65+MCH%2CGroup+650+MCH%2CGroup+70+MCH%2CGroup+75+MCH%2CGroup+80+MCH%2CGroup+90+MCH&q2bStartDate=2026-02-05&q2bEndDate=2026-03-26&limit=200000